<?xml version="1.0" encoding="UTF-8"?>
<testsuite xmlns:xsi="http://www.w3.org/2001/XMLSchema-instance" xsi:noNamespaceSchemaLocation="https://maven.apache.org/surefire/maven-surefire-plugin/xsd/surefire-test-report-3.0.xsd" version="3.0" name="edu.ncsu.csc326.coffeemaker.ExampleTest" time="0.099" tests="3" errors="0" skipped="0" failures="0">
  <properties>
[...]
</properties>
  <testcase name="testAddInventoryException" classname="edu.ncsu.csc326.coffeemaker.ExampleTest" time="0.049"/>
  <testcase name="testAddInventory_Normal" classname="edu.ncsu.csc326.coffeemaker.ExampleTest" time="0.008"/>
  <testcase name="testMakeCoffee_Normal" classname="edu.ncsu.csc326.coffeemaker.ExampleTest" time="0.0"/>
</testsuite>